Determining if the pthread_create exist failed with the following output:
Change Dir: /home/zxk/PycharmProjects/deepAI1/c++/torchTutoral/cmake-build-debug/CMakeFiles/CMakeTmp

Run Build Command(s):/usr/bin/make cmTC_2525d/fast 
make[1]: Entering directory '/home/zxk/PycharmProjects/deepAI1/c++/torchTutoral/cmake-build-debug/CMakeFiles/CMakeTmp'
/usr/bin/make -f CMakeFiles/cmTC_2525d.dir/build.make CMakeFiles/cmTC_2525d.dir/build
make[2]: Entering directory '/home/zxk/PycharmProjects/deepAI1/c++/torchTutoral/cmake-build-debug/CMakeFiles/CMakeTmp'
Building C object CMakeFiles/cmTC_2525d.dir/CheckSymbolExists.c.o
/usr/bin/cc    -o CMakeFiles/cmTC_2525d.dir/CheckSymbolExists.c.o   -c /home/zxk/PycharmProjects/deepAI1/c++/torchTutoral/cmake-build-debug/CMakeFiles/CMakeTmp/CheckSymbolExists.c
Linking C executable cmTC_2525d
/home/zxk/下载/clion-2019.1.3/bin/cmake/linux/bin/cmake -E cmake_link_script CMakeFiles/cmTC_2525d.dir/link.txt --verbose=1
/usr/bin/cc      CMakeFiles/cmTC_2525d.dir/CheckSymbolExists.c.o  -o cmTC_2525d 
CMakeFiles/cmTC_2525d.dir/CheckSymbolExists.c.o：在函数‘main’中：
CheckSymbolExists.c:(.text+0x16)：对‘pthread_create’未定义的引用
collect2: error: ld returned 1 exit status
CMakeFiles/cmTC_2525d.dir/build.make:86: recipe for target 'cmTC_2525d' failed
make[2]: *** [cmTC_2525d] Error 1
make[2]: Leaving directory '/home/zxk/PycharmProjects/deepAI1/c++/torchTutoral/cmake-build-debug/CMakeFiles/CMakeTmp'
Makefile:121: recipe for target 'cmTC_2525d/fast' failed
make[1]: *** [cmTC_2525d/fast] Error 2
make[1]: Leaving directory '/home/zxk/PycharmProjects/deepAI1/c++/torchTutoral/cmake-build-debug/CMakeFiles/CMakeTmp'

File /home/zxk/PycharmProjects/deepAI1/c++/torchTutoral/cmake-build-debug/CMakeFiles/CMakeTmp/CheckSymbolExists.c:
/* */
#include <pthread.h>

int main(int argc, char** argv)
{
  (void)argv;
#ifndef pthread_create
  return ((int*)(&pthread_create))[argc];
#else
  (void)argc;
  return 0;
#endif
}

Determining if the function pthread_create exists in the pthreads failed with the following output:
Change Dir: /home/zxk/PycharmProjects/deepAI1/c++/torchTutoral/cmake-build-debug/CMakeFiles/CMakeTmp

Run Build Command(s):/usr/bin/make cmTC_b5568/fast 
make[1]: Entering directory '/home/zxk/PycharmProjects/deepAI1/c++/torchTutoral/cmake-build-debug/CMakeFiles/CMakeTmp'
/usr/bin/make -f CMakeFiles/cmTC_b5568.dir/build.make CMakeFiles/cmTC_b5568.dir/build
make[2]: Entering directory '/home/zxk/PycharmProjects/deepAI1/c++/torchTutoral/cmake-build-debug/CMakeFiles/CMakeTmp'
Building C object CMakeFiles/cmTC_b5568.dir/CheckFunctionExists.c.o
/usr/bin/cc   -DCHECK_FUNCTION_EXISTS=pthread_create   -o CMakeFiles/cmTC_b5568.dir/CheckFunctionExists.c.o   -c /home/zxk/下载/clion-2019.1.3/bin/cmake/linux/share/cmake-3.14/Modules/CheckFunctionExists.c
Linking C executable cmTC_b5568
/home/zxk/下载/clion-2019.1.3/bin/cmake/linux/bin/cmake -E cmake_link_script CMakeFiles/cmTC_b5568.dir/link.txt --verbose=1
/usr/bin/cc  -DCHECK_FUNCTION_EXISTS=pthread_create    CMakeFiles/cmTC_b5568.dir/CheckFunctionExists.c.o  -o cmTC_b5568 -lpthreads 
/usr/bin/ld: 找不到 -lpthreads
collect2: error: ld returned 1 exit status
CMakeFiles/cmTC_b5568.dir/build.make:86: recipe for target 'cmTC_b5568' failed
make[2]: *** [cmTC_b5568] Error 1
make[2]: Leaving directory '/home/zxk/PycharmProjects/deepAI1/c++/torchTutoral/cmake-build-debug/CMakeFiles/CMakeTmp'
Makefile:121: recipe for target 'cmTC_b5568/fast' failed
make[1]: *** [cmTC_b5568/fast] Error 2
make[1]: Leaving directory '/home/zxk/PycharmProjects/deepAI1/c++/torchTutoral/cmake-build-debug/CMakeFiles/CMakeTmp'


