Determining if the pthread_create exist failed with the following output:
Change Dir: /home/zhangxk/projects/deepAI/c++/torch/build/CMakeFiles/CMakeTmp

Run Build Command:"/usr/bin/make" "cmTC_b7c55/fast"
/usr/bin/make -f CMakeFiles/cmTC_b7c55.dir/build.make CMakeFiles/cmTC_b7c55.dir/build
make[1]: Entering directory '/home/zhangxk/projects/deepAI/c++/torch/build/CMakeFiles/CMakeTmp'
Building C object CMakeFiles/cmTC_b7c55.dir/CheckSymbolExists.c.o
/usr/bin/cc    -o CMakeFiles/cmTC_b7c55.dir/CheckSymbolExists.c.o   -c /home/zhangxk/projects/deepAI/c++/torch/build/CMakeFiles/CMakeTmp/CheckSymbolExists.c
Linking C executable cmTC_b7c55
/opt/cmake/bin/cmake -E cmake_link_script CMakeFiles/cmTC_b7c55.dir/link.txt --verbose=1
/usr/bin/cc      -rdynamic CMakeFiles/cmTC_b7c55.dir/CheckSymbolExists.c.o  -o cmTC_b7c55 
CMakeFiles/cmTC_b7c55.dir/CheckSymbolExists.c.o：在函数‘main’中：
CheckSymbolExists.c:(.text+0x16)：对‘pthread_create’未定义的引用
collect2: error: ld returned 1 exit status
CMakeFiles/cmTC_b7c55.dir/build.make:86: recipe for target 'cmTC_b7c55' failed
make[1]: *** [cmTC_b7c55] Error 1
make[1]: Leaving directory '/home/zhangxk/projects/deepAI/c++/torch/build/CMakeFiles/CMakeTmp'
Makefile:121: recipe for target 'cmTC_b7c55/fast' failed
make: *** [cmTC_b7c55/fast] Error 2

File /home/zhangxk/projects/deepAI/c++/torch/build/CMakeFiles/CMakeTmp/CheckSymbolExists.c:
/* */
#include <pthread.h>

int main(int argc, char** argv)
{
  (void)argv;
#ifndef pthread_create
  return ((int*)(&pthread_create))[argc];
#else
  (void)argc;
  return 0;
#endif
}

Determining if the function pthread_create exists in the pthreads failed with the following output:
Change Dir: /home/zhangxk/projects/deepAI/c++/torch/build/CMakeFiles/CMakeTmp

Run Build Command:"/usr/bin/make" "cmTC_a4e50/fast"
/usr/bin/make -f CMakeFiles/cmTC_a4e50.dir/build.make CMakeFiles/cmTC_a4e50.dir/build
make[1]: Entering directory '/home/zhangxk/projects/deepAI/c++/torch/build/CMakeFiles/CMakeTmp'
Building C object CMakeFiles/cmTC_a4e50.dir/CheckFunctionExists.c.o
/usr/bin/cc   -DCHECK_FUNCTION_EXISTS=pthread_create   -o CMakeFiles/cmTC_a4e50.dir/CheckFunctionExists.c.o   -c /opt/cmake/share/cmake-3.12/Modules/CheckFunctionExists.c
Linking C executable cmTC_a4e50
/opt/cmake/bin/cmake -E cmake_link_script CMakeFiles/cmTC_a4e50.dir/link.txt --verbose=1
/usr/bin/cc  -DCHECK_FUNCTION_EXISTS=pthread_create    -rdynamic CMakeFiles/cmTC_a4e50.dir/CheckFunctionExists.c.o  -o cmTC_a4e50 -lpthreads 
/usr/bin/ld: 找不到 -lpthreads
collect2: error: ld returned 1 exit status
CMakeFiles/cmTC_a4e50.dir/build.make:86: recipe for target 'cmTC_a4e50' failed
make[1]: *** [cmTC_a4e50] Error 1
make[1]: Leaving directory '/home/zhangxk/projects/deepAI/c++/torch/build/CMakeFiles/CMakeTmp'
Makefile:121: recipe for target 'cmTC_a4e50/fast' failed
make: *** [cmTC_a4e50/fast] Error 2


