Determining if the pthread_create exist failed with the following output:
Change Dir: /home/zhangxk/projects/deepAI/c++/torch/hh/CMakeFiles/CMakeTmp

Run Build Command:"/usr/bin/make" "cmTC_bb288/fast"
/usr/bin/make -f CMakeFiles/cmTC_bb288.dir/build.make CMakeFiles/cmTC_bb288.dir/build
make[1]: Entering directory '/home/zhangxk/projects/deepAI/c++/torch/hh/CMakeFiles/CMakeTmp'
Building C object CMakeFiles/cmTC_bb288.dir/CheckSymbolExists.c.o
/usr/bin/cc    -o CMakeFiles/cmTC_bb288.dir/CheckSymbolExists.c.o   -c /home/zhangxk/projects/deepAI/c++/torch/hh/CMakeFiles/CMakeTmp/CheckSymbolExists.c
Linking C executable cmTC_bb288
/opt/cmake/bin/cmake -E cmake_link_script CMakeFiles/cmTC_bb288.dir/link.txt --verbose=1
/usr/bin/cc      -rdynamic CMakeFiles/cmTC_bb288.dir/CheckSymbolExists.c.o  -o cmTC_bb288 
CMakeFiles/cmTC_bb288.dir/CheckSymbolExists.c.o：在函数‘main’中：
CheckSymbolExists.c:(.text+0x16)：对‘pthread_create’未定义的引用
collect2: error: ld returned 1 exit status
CMakeFiles/cmTC_bb288.dir/build.make:86: recipe for target 'cmTC_bb288' failed
make[1]: *** [cmTC_bb288] Error 1
make[1]: Leaving directory '/home/zhangxk/projects/deepAI/c++/torch/hh/CMakeFiles/CMakeTmp'
Makefile:121: recipe for target 'cmTC_bb288/fast' failed
make: *** [cmTC_bb288/fast] Error 2

File /home/zhangxk/projects/deepAI/c++/torch/hh/CMakeFiles/CMakeTmp/CheckSymbolExists.c:
/* */
#include <pthread.h>

int main(int argc, char** argv)
{
  (void)argv;
#ifndef pthread_create
  return ((int*)(&pthread_create))[argc];
#else
  (void)argc;
  return 0;
#endif
}

Determining if the function pthread_create exists in the pthreads failed with the following output:
Change Dir: /home/zhangxk/projects/deepAI/c++/torch/hh/CMakeFiles/CMakeTmp

Run Build Command:"/usr/bin/make" "cmTC_58939/fast"
/usr/bin/make -f CMakeFiles/cmTC_58939.dir/build.make CMakeFiles/cmTC_58939.dir/build
make[1]: Entering directory '/home/zhangxk/projects/deepAI/c++/torch/hh/CMakeFiles/CMakeTmp'
Building C object CMakeFiles/cmTC_58939.dir/CheckFunctionExists.c.o
/usr/bin/cc   -DCHECK_FUNCTION_EXISTS=pthread_create   -o CMakeFiles/cmTC_58939.dir/CheckFunctionExists.c.o   -c /opt/cmake/share/cmake-3.12/Modules/CheckFunctionExists.c
Linking C executable cmTC_58939
/opt/cmake/bin/cmake -E cmake_link_script CMakeFiles/cmTC_58939.dir/link.txt --verbose=1
/usr/bin/cc  -DCHECK_FUNCTION_EXISTS=pthread_create    -rdynamic CMakeFiles/cmTC_58939.dir/CheckFunctionExists.c.o  -o cmTC_58939 -lpthreads 
/usr/bin/ld: 找不到 -lpthreads
collect2: error: ld returned 1 exit status
CMakeFiles/cmTC_58939.dir/build.make:86: recipe for target 'cmTC_58939' failed
make[1]: *** [cmTC_58939] Error 1
make[1]: Leaving directory '/home/zhangxk/projects/deepAI/c++/torch/hh/CMakeFiles/CMakeTmp'
Makefile:121: recipe for target 'cmTC_58939/fast' failed
make: *** [cmTC_58939/fast] Error 2


