Determining if the pthread_create exist failed with the following output:
Change Dir: /home/zxk/PycharmProjects/deepAI1/c++/cuda/cuda_tutor/week1/build/CMakeFiles/CMakeTmp

Run Build Command:"/usr/bin/make" "cmTC_78cfa/fast"
/usr/bin/make -f CMakeFiles/cmTC_78cfa.dir/build.make CMakeFiles/cmTC_78cfa.dir/build
make[1]: Entering directory '/home/zxk/PycharmProjects/deepAI1/c++/cuda/cuda_tutor/week1/build/CMakeFiles/CMakeTmp'
Building C object CMakeFiles/cmTC_78cfa.dir/CheckSymbolExists.c.o
/usr/bin/cc    -fPIC    -o CMakeFiles/cmTC_78cfa.dir/CheckSymbolExists.c.o   -c /home/zxk/PycharmProjects/deepAI1/c++/cuda/cuda_tutor/week1/build/CMakeFiles/CMakeTmp/CheckSymbolExists.c
Linking C executable cmTC_78cfa
/usr/bin/cmake -E cmake_link_script CMakeFiles/cmTC_78cfa.dir/link.txt --verbose=1
/usr/bin/cc  -fPIC     CMakeFiles/cmTC_78cfa.dir/CheckSymbolExists.c.o  -o cmTC_78cfa -rdynamic 
CMakeFiles/cmTC_78cfa.dir/CheckSymbolExists.c.o：在函数‘main’中：
CheckSymbolExists.c:(.text+0x1b)：对‘pthread_create’未定义的引用
collect2: error: ld returned 1 exit status
CMakeFiles/cmTC_78cfa.dir/build.make:97: recipe for target 'cmTC_78cfa' failed
make[1]: *** [cmTC_78cfa] Error 1
make[1]: Leaving directory '/home/zxk/PycharmProjects/deepAI1/c++/cuda/cuda_tutor/week1/build/CMakeFiles/CMakeTmp'
Makefile:126: recipe for target 'cmTC_78cfa/fast' failed
make: *** [cmTC_78cfa/fast] Error 2

File /home/zxk/PycharmProjects/deepAI1/c++/cuda/cuda_tutor/week1/build/CMakeFiles/CMakeTmp/CheckSymbolExists.c:
/* */
#include <pthread.h>

int main(int argc, char** argv)
{
  (void)argv;
#ifndef pthread_create
  return ((int*)(&pthread_create))[argc];
#else
  (void)argc;
  return 0;
#endif
}

Determining if the function pthread_create exists in the pthreads failed with the following output:
Change Dir: /home/zxk/PycharmProjects/deepAI1/c++/cuda/cuda_tutor/week1/build/CMakeFiles/CMakeTmp

Run Build Command:"/usr/bin/make" "cmTC_9fab4/fast"
/usr/bin/make -f CMakeFiles/cmTC_9fab4.dir/build.make CMakeFiles/cmTC_9fab4.dir/build
make[1]: Entering directory '/home/zxk/PycharmProjects/deepAI1/c++/cuda/cuda_tutor/week1/build/CMakeFiles/CMakeTmp'
Building C object CMakeFiles/cmTC_9fab4.dir/CheckFunctionExists.c.o
/usr/bin/cc    -fPIC -DCHECK_FUNCTION_EXISTS=pthread_create   -o CMakeFiles/cmTC_9fab4.dir/CheckFunctionExists.c.o   -c /usr/share/cmake-3.5/Modules/CheckFunctionExists.c
Linking C executable cmTC_9fab4
/usr/bin/cmake -E cmake_link_script CMakeFiles/cmTC_9fab4.dir/link.txt --verbose=1
/usr/bin/cc  -fPIC -DCHECK_FUNCTION_EXISTS=pthread_create    CMakeFiles/cmTC_9fab4.dir/CheckFunctionExists.c.o  -o cmTC_9fab4 -rdynamic -lpthreads 
/usr/bin/ld: 找不到 -lpthreads
collect2: error: ld returned 1 exit status
CMakeFiles/cmTC_9fab4.dir/build.make:97: recipe for target 'cmTC_9fab4' failed
make[1]: *** [cmTC_9fab4] Error 1
make[1]: Leaving directory '/home/zxk/PycharmProjects/deepAI1/c++/cuda/cuda_tutor/week1/build/CMakeFiles/CMakeTmp'
Makefile:126: recipe for target 'cmTC_9fab4/fast' failed
make: *** [cmTC_9fab4/fast] Error 2


