Determining if the pthread_create exist failed with the following output:
Change Dir: /home/zhangxk/projects/deepAI/c++/torch/cmake-build-debug/CMakeFiles/CMakeTmp

Run Build Command(s):/usr/bin/make cmTC_1e989/fast 
/usr/bin/make -f CMakeFiles/cmTC_1e989.dir/build.make CMakeFiles/cmTC_1e989.dir/build
make[1]: Entering directory '/home/zhangxk/projects/deepAI/c++/torch/cmake-build-debug/CMakeFiles/CMakeTmp'
Building C object CMakeFiles/cmTC_1e989.dir/CheckSymbolExists.c.o
/usr/bin/cc    -o CMakeFiles/cmTC_1e989.dir/CheckSymbolExists.c.o   -c /home/zhangxk/projects/deepAI/c++/torch/cmake-build-debug/CMakeFiles/CMakeTmp/CheckSymbolExists.c
Linking C executable cmTC_1e989
/home/zhangxk/下载/clion-2019.2.1/bin/cmake/linux/bin/cmake -E cmake_link_script CMakeFiles/cmTC_1e989.dir/link.txt --verbose=1
/usr/bin/cc      -rdynamic CMakeFiles/cmTC_1e989.dir/CheckSymbolExists.c.o  -o cmTC_1e989 
CMakeFiles/cmTC_1e989.dir/CheckSymbolExists.c.o：在函数‘main’中：
CheckSymbolExists.c:(.text+0x16)：对‘pthread_create’未定义的引用
collect2: error: ld returned 1 exit status
CMakeFiles/cmTC_1e989.dir/build.make:86: recipe for target 'cmTC_1e989' failed
make[1]: *** [cmTC_1e989] Error 1
make[1]: Leaving directory '/home/zhangxk/projects/deepAI/c++/torch/cmake-build-debug/CMakeFiles/CMakeTmp'
Makefile:121: recipe for target 'cmTC_1e989/fast' failed
make: *** [cmTC_1e989/fast] Error 2

File /home/zhangxk/projects/deepAI/c++/torch/cmake-build-debug/CMakeFiles/CMakeTmp/CheckSymbolExists.c:
/* */
#include <pthread.h>

int main(int argc, char** argv)
{
  (void)argv;
#ifndef pthread_create
  return ((int*)(&pthread_create))[argc];
#else
  (void)argc;
  return 0;
#endif
}

Determining if the function pthread_create exists in the pthreads failed with the following output:
Change Dir: /home/zhangxk/projects/deepAI/c++/torch/cmake-build-debug/CMakeFiles/CMakeTmp

Run Build Command(s):/usr/bin/make cmTC_8d832/fast 
/usr/bin/make -f CMakeFiles/cmTC_8d832.dir/build.make CMakeFiles/cmTC_8d832.dir/build
make[1]: Entering directory '/home/zhangxk/projects/deepAI/c++/torch/cmake-build-debug/CMakeFiles/CMakeTmp'
Building C object CMakeFiles/cmTC_8d832.dir/CheckFunctionExists.c.o
/usr/bin/cc   -DCHECK_FUNCTION_EXISTS=pthread_create   -o CMakeFiles/cmTC_8d832.dir/CheckFunctionExists.c.o   -c /home/zhangxk/下载/clion-2019.2.1/bin/cmake/linux/share/cmake-3.14/Modules/CheckFunctionExists.c
Linking C executable cmTC_8d832
/home/zhangxk/下载/clion-2019.2.1/bin/cmake/linux/bin/cmake -E cmake_link_script CMakeFiles/cmTC_8d832.dir/link.txt --verbose=1
/usr/bin/cc  -DCHECK_FUNCTION_EXISTS=pthread_create    -rdynamic CMakeFiles/cmTC_8d832.dir/CheckFunctionExists.c.o  -o cmTC_8d832 -lpthreads 
/usr/bin/ld: 找不到 -lpthreads
collect2: error: ld returned 1 exit status
CMakeFiles/cmTC_8d832.dir/build.make:86: recipe for target 'cmTC_8d832' failed
make[1]: *** [cmTC_8d832] Error 1
make[1]: Leaving directory '/home/zhangxk/projects/deepAI/c++/torch/cmake-build-debug/CMakeFiles/CMakeTmp'
Makefile:121: recipe for target 'cmTC_8d832/fast' failed
make: *** [cmTC_8d832/fast] Error 2


