Traceback (most recent call last):
  File "/usr/lib/python3.5/runpy.py", line 184, in _run_module_as_main
    "__main__", mod_spec)
  File "/usr/lib/python3.5/runpy.py", line 85, in _run_code
    exec(code, run_globals)
  File "/home/zhangxk/projects/deepAI/daily/8/DeepLearning/myproject/cluster/cfai/cluster.py", line 167, in <module>
    sleep(config['refresh_interval'])
KeyboardInterrupt
Traceback (most recent call last):
  File "/usr/lib/python3.5/runpy.py", line 184, in _run_module_as_main
    "__main__", mod_spec)
  File "/usr/lib/python3.5/runpy.py", line 85, in _run_code
    exec(code, run_globals)
  File "/home/zhangxk/projects/deepAI/daily/8/DeepLearning/myproject/cluster/cfai/cluster.py", line 167, in <module>
    sleep(config['refresh_interval'])
KeyboardInterrupt
开始处理: cfai/test/src/15640470569535.json
#全部节点数量,有临边节点数量,#边数量(双向): 30 29 75
聚类:0,节点数量:2,边数量(无向):1
聚类:1,节点数量:19,边数量(无向):36
聚类:2,节点数量:8,边数量(无向):15
节点18266166625,是孤立节点
结束处理
开始处理: cfai/test/src/15649683913544.json
#全部节点数量,有临边节点数量,#边数量(双向): 354 354 1399
分割的节点数: 354 复杂度: 2.7796610169491527
分割的节点数: 182 复杂度: 2.6868131868131866
分割的节点数: 172 复杂度: 2.5406976744186047
分割的节点数: 139 复杂度: 2.726618705035971
分割的节点数: 111 复杂度: 2.6936936936936937
分割的节点数: 107 复杂度: 2.2990654205607477
分割的节点数: 79 复杂度: 2.0632911392405062
分割的节点数: 75 复杂度: 3.0533333333333332
分割的节点数: 53 复杂度: 3.4339622641509435
分割的节点数: 44 复杂度: 3.159090909090909
分割的节点数: 21 复杂度: 2.4761904761904763
分割的节点数: 17 复杂度: 2.2941176470588234
聚类:0,节点数量:43,边数量(无向):79
聚类:1,节点数量:61,边数量(无向):109
聚类:2,节点数量:32,边数量(无向):50
聚类:3,节点数量:36,边数量(无向):43
聚类:4,节点数量:28,边数量(无向):39
聚类:5,节点数量:39,边数量(无向):69
聚类:6,节点数量:40,边数量(无向):62
聚类:7,节点数量:22,边数量(无向):28
聚类:8,节点数量:9,边数量(无向):12
聚类:9,节点数量:23,边数量(无向):42
聚类:10,节点数量:4,边数量(无向):3
聚类:11,节点数量:2,边数量(无向):2
聚类:12,节点数量:15,边数量(无向):29
使用稀疏表示法
使用稀疏表示法
使用稀疏表示法
使用稀疏表示法
使用稀疏表示法
使用稀疏表示法
使用稀疏表示法
结束处理
开始处理: cfai/test/src/15644489249043.json
#全部节点数量,有临边节点数量,#边数量(双向): 92 92 328
分割的节点数: 92 复杂度: 2.510869565217391
分割的节点数: 65 复杂度: 2.5692307692307694
分割的节点数: 54 复杂度: 2.6296296296296298
分割的节点数: 31 复杂度: 2.032258064516129
分割的节点数: 16 复杂度: 1.8125
聚类:0,节点数量:27,边数量(无向):51
聚类:1,节点数量:11,边数量(无向):11
聚类:2,节点数量:23,边数量(无向):43
聚类:3,节点数量:15,边数量(无向):21
聚类:4,节点数量:7,边数量(无向):11
聚类:5,节点数量:9,边数量(无向):8
结束处理
开始处理: cfai/test/src/15649717377814.json
#全部节点数量,有临边节点数量,#边数量(双向): 458 456 1712
分割的节点数: 440 复杂度: 2.325
分割的节点数: 395 复杂度: 2.1848101265822786
分割的节点数: 311 复杂度: 1.9003215434083602
分割的节点数: 183 复杂度: 1.9398907103825136
分割的节点数: 84 复杂度: 1.9761904761904763
分割的节点数: 67 复杂度: 2.029850746268657
分割的节点数: 61 复杂度: 1.819672131147541
分割的节点数: 49 复杂度: 2.0
分割的节点数: 42 复杂度: 2.0
分割的节点数: 40 复杂度: 2.05
分割的节点数: 33 复杂度: 2.0
分割的节点数: 25 复杂度: 2.08
聚类:0,节点数量:3,边数量(无向):3
聚类:1,节点数量:7,边数量(无向):10
聚类:2,节点数量:6,边数量(无向):10
聚类:3,节点数量:45,边数量(无向):84
聚类:4,节点数量:128,边数量(无向):207
聚类:5,节点数量:122,边数量(无向):238
聚类:6,节点数量:17,边数量(无向):28
聚类:7,节点数量:18,边数量(无向):34
聚类:8,节点数量:19,边数量(无向):25
聚类:9,节点数量:16,边数量(无向):21
聚类:10,节点数量:2,边数量(无向):1
聚类:11,节点数量:3,边数量(无向):3
聚类:12,节点数量:37,边数量(无向):45
聚类:13,节点数量:8,边数量(无向):9
聚类:14,节点数量:16,边数量(无向):32
聚类:15,节点数量:9,边数量(无向):10
使用稀疏表示法
使用稀疏表示法
使用稀疏表示法
使用稀疏表示法
节点18895317847,是孤立节点
节点13854075367,是孤立节点
结束处理
开始处理: cfai/test/src/15643634215563.json
#全部节点数量,有临边节点数量,#边数量(双向): 242 242 885
分割的节点数: 242 复杂度: 2.87603305785124
分割的节点数: 197 复杂度: 2.9035532994923856
分割的节点数: 181 复杂度: 2.2320441988950277
分割的节点数: 146 复杂度: 2.1506849315068495
分割的节点数: 91 复杂度: 1.934065934065934
分割的节点数: 16 复杂度: 2.0
分割的节点数: 12 复杂度: 1.9166666666666667
聚类:0,节点数量:45,边数量(无向):85
聚类:1,节点数量:35,边数量(无向):51
聚类:2,节点数量:55,边数量(无向):70
聚类:3,节点数量:18,边数量(无向):25
聚类:4,节点数量:73,边数量(无向):116
聚类:5,节点数量:4,边数量(无向):3
聚类:6,节点数量:3,边数量(无向):3
聚类:7,节点数量:9,边数量(无向):16
使用稀疏表示法
使用稀疏表示法
使用稀疏表示法
使用稀疏表示法
结束处理
开始处理: cfai/test/src/15643771217462.json
#全部节点数量,有临边节点数量,#边数量(双向): 242 242 885
分割的节点数: 242 复杂度: 2.87603305785124
分割的节点数: 197 复杂度: 2.9035532994923856
分割的节点数: 181 复杂度: 2.2320441988950277
分割的节点数: 146 复杂度: 2.1506849315068495
分割的节点数: 91 复杂度: 1.934065934065934
分割的节点数: 16 复杂度: 2.0
分割的节点数: 12 复杂度: 1.9166666666666667
聚类:0,节点数量:45,边数量(无向):85
聚类:1,节点数量:35,边数量(无向):51
聚类:2,节点数量:55,边数量(无向):70
聚类:3,节点数量:18,边数量(无向):25
聚类:4,节点数量:73,边数量(无向):116
聚类:5,节点数量:4,边数量(无向):3
聚类:6,节点数量:3,边数量(无向):3
聚类:7,节点数量:9,边数量(无向):16
使用稀疏表示法
使用稀疏表示法
使用稀疏表示法
使用稀疏表示法
结束处理
开始处理: cfai/test/src/15646363496388.json
#全部节点数量,有临边节点数量,#边数量(双向): 154 154 903
分割的节点数: 154 复杂度: 3.4155844155844157
分割的节点数: 119 复杂度: 3.73109243697479
分割的节点数: 100 复杂度: 3.66
分割的节点数: 59 复杂度: 2.610169491525424
分割的节点数: 43 复杂度: 2.186046511627907
分割的节点数: 41 复杂度: 2.5853658536585367
分割的节点数: 32 复杂度: 2.59375
分割的节点数: 23 复杂度: 2.391304347826087
分割的节点数: 15 复杂度: 1.8
聚类:0,节点数量:35,边数量(无向):62
聚类:1,节点数量:19,边数量(无向):40
聚类:2,节点数量:16,边数量(无向):26
聚类:3,节点数量:28,边数量(无向):56
聚类:4,节点数量:9,边数量(无向):12
聚类:5,节点数量:9,边数量(无向):11
聚类:6,节点数量:13,边数量(无向):25
聚类:7,节点数量:10,边数量(无向):17
聚类:8,节点数量:9,边数量(无向):17
聚类:9,节点数量:6,边数量(无向):5
使用稀疏表示法
结束处理
开始处理: cfai/test/src/15644645018718.json
#全部节点数量,有临边节点数量,#边数量(双向): 428 428 1940
分割的节点数: 428 复杂度: 2.8200934579439254
分割的节点数: 313 复杂度: 2.6293929712460065
分割的节点数: 179 复杂度: 2.6145251396648046
分割的节点数: 134 复杂度: 2.1492537313432836
分割的节点数: 115 复杂度: 2.0608695652173914
分割的节点数: 111 复杂度: 2.18018018018018
分割的节点数: 96 复杂度: 1.9375
分割的节点数: 96 复杂度: 1.8125
分割的节点数: 87 复杂度: 2.1954022988505746
分割的节点数: 84 复杂度: 1.8095238095238095
分割的节点数: 83 复杂度: 2.6506024096385543
分割的节点数: 75 复杂度: 2.3733333333333335
分割的节点数: 73 复杂度: 2.2465753424657535
分割的节点数: 64 复杂度: 2.25
分割的节点数: 57 复杂度: 1.8421052631578947
分割的节点数: 48 复杂度: 2.0208333333333335
分割的节点数: 47 复杂度: 1.8085106382978724
分割的节点数: 46 复杂度: 2.782608695652174
分割的节点数: 31 复杂度: 2.4516129032258065
分割的节点数: 21 复杂度: 2.238095238095238
分割的节点数: 15 复杂度: 1.8666666666666667
聚类:0,节点数量:23,边数量(无向):33
聚类:1,节点数量:19,边数量(无向):36
聚类:2,节点数量:24,边数量(无向):38
聚类:3,节点数量:39,边数量(无向):65
聚类:4,节点数量:12,边数量(无向):15
聚类:5,节点数量:14,边数量(无向):23
聚类:6,节点数量:36,边数量(无向):43
聚类:7,节点数量:8,边数量(无向):9
聚类:8,节点数量:29,边数量(无向):44
聚类:9,节点数量:9,边数量(无向):9
聚类:10,节点数量:17,边数量(无向):27
聚类:11,节点数量:30,边数量(无向):57
聚类:12,节点数量:27,边数量(无向):45
聚类:13,节点数量:29,边数量(无向):56
聚类:14,节点数量:19,边数量(无向):39
聚类:15,节点数量:32,边数量(无向):46
聚类:16,节点数量:15,边数量(无向):17
聚类:17,节点数量:10,边数量(无向):17
聚类:18,节点数量:14,边数量(无向):27
聚类:19,节点数量:7,边数量(无向):9
聚类:20,节点数量:10,边数量(无向):23
聚类:21,节点数量:5,边数量(无向):6
使用稀疏表示法
使用稀疏表示法
使用稀疏表示法
使用稀疏表示法
结束处理
开始处理: cfai/test/src/1564383416897.json
#全部节点数量,有临边节点数量,#边数量(双向): 242 242 885
分割的节点数: 242 复杂度: 2.87603305785124
分割的节点数: 197 复杂度: 2.9035532994923856
分割的节点数: 181 复杂度: 2.2320441988950277
分割的节点数: 146 复杂度: 2.1506849315068495
分割的节点数: 91 复杂度: 1.934065934065934
分割的节点数: 16 复杂度: 2.0
分割的节点数: 12 复杂度: 1.9166666666666667
聚类:0,节点数量:45,边数量(无向):85
聚类:1,节点数量:35,边数量(无向):51
聚类:2,节点数量:55,边数量(无向):70
聚类:3,节点数量:18,边数量(无向):25
聚类:4,节点数量:73,边数量(无向):116
聚类:5,节点数量:4,边数量(无向):3
聚类:6,节点数量:3,边数量(无向):3
聚类:7,节点数量:9,边数量(无向):16
使用稀疏表示法
使用稀疏表示法
使用稀疏表示法
使用稀疏表示法
结束处理
开始处理: cfai/test/src/15646367674205.json
#全部节点数量,有临边节点数量,#边数量(双向): 28 28 75
分割的节点数: 28 复杂度: 2.142857142857143
分割的节点数: 25 复杂度: 2.16
聚类:0,节点数量:3,边数量(无向):3
聚类:1,节点数量:13,边数量(无向):24
聚类:2,节点数量:12,边数量(无向):18
结束处理
开始处理: cfai/test/src/15644536933815.json
#全部节点数量,有临边节点数量,#边数量(双向): 17 0 0
节点13109697111,是孤立节点
节点15837965093,是孤立节点
节点15090210888,是孤立节点
节点18503903743,是孤立节点
节点13335307222,是孤立节点
节点18205462782,是孤立节点
节点13525649333,是孤立节点
节点15501886022,是孤立节点
节点13899978345,是孤立节点
节点15915834783,是孤立节点
节点13603710816,是孤立节点
节点18205462765,是孤立节点
节点13765294884,是孤立节点
节点17698288788,是孤立节点
节点15037075697,是孤立节点
节点13669150626,是孤立节点
节点13608468918,是孤立节点
结束处理
开始处理: cfai/test/src/1564540167668.json
#全部节点数量,有临边节点数量,#边数量(双向): 86 86 412
分割的节点数: 86 复杂度: 3.2325581395348837
分割的节点数: 70 复杂度: 3.1714285714285713
分割的节点数: 59 复杂度: 2.847457627118644
分割的节点数: 44 复杂度: 2.6363636363636362
分割的节点数: 24 复杂度: 2.2916666666666665
分割的节点数: 16 复杂度: 2.125
聚类:0,节点数量:16,边数量(无向):32
聚类:1,节点数量:11,边数量(无向):17
聚类:2,节点数量:15,边数量(无向):21
聚类:3,节点数量:20,边数量(无向):36
聚类:4,节点数量:8,边数量(无向):10
聚类:5,节点数量:13,边数量(无向):23
聚类:6,节点数量:3,边数量(无向):2
结束处理
开始处理: cfai/test/src/15644535563697.json
#全部节点数量,有临边节点数量,#边数量(双向): 184 184 697
分割的节点数: 184 复杂度: 2.8152173913043477
分割的节点数: 141 复杂度: 2.8439716312056738
分割的节点数: 116 复杂度: 2.9051724137931036
分割的节点数: 102 复杂度: 2.735294117647059
分割的节点数: 90 复杂度: 2.8222222222222224
分割的节点数: 45 复杂度: 2.2222222222222223
分割的节点数: 45 复杂度: 2.1333333333333333
分割的节点数: 29 复杂度: 2.206896551724138
聚类:0,节点数量:43,边数量(无向):79
聚类:1,节点数量:25,边数量(无向):31
聚类:2,节点数量:14,边数量(无向):16
聚类:3,节点数量:12,边数量(无向):12
聚类:4,节点数量:16,边数量(无向):15
聚类:5,节点数量:25,边数量(无向):45
聚类:6,节点数量:20,边数量(无向):36
聚类:7,节点数量:16,边数量(无向):22
聚类:8,节点数量:13,边数量(无向):25
使用稀疏表示法
使用稀疏表示法
结束处理
开始处理: cfai/test/src/15643712151027.json
#全部节点数量,有临边节点数量,#边数量(双向): 242 242 885
分割的节点数: 242 复杂度: 2.87603305785124
分割的节点数: 197 复杂度: 2.9035532994923856
分割的节点数: 181 复杂度: 2.2320441988950277
分割的节点数: 146 复杂度: 2.1506849315068495
分割的节点数: 91 复杂度: 1.934065934065934
分割的节点数: 16 复杂度: 2.0
分割的节点数: 12 复杂度: 1.9166666666666667
聚类:0,节点数量:45,边数量(无向):85
聚类:1,节点数量:35,边数量(无向):51
聚类:2,节点数量:55,边数量(无向):70
聚类:3,节点数量:18,边数量(无向):25
聚类:4,节点数量:73,边数量(无向):116
聚类:5,节点数量:4,边数量(无向):3
聚类:6,节点数量:3,边数量(无向):3
聚类:7,节点数量:9,边数量(无向):16
使用稀疏表示法
使用稀疏表示法
使用稀疏表示法
使用稀疏表示法
结束处理
开始处理: cfai/test/src/15649886116666.json
#全部节点数量,有临边节点数量,#边数量(双向): 184 184 697
分割的节点数: 184 复杂度: 2.8152173913043477
分割的节点数: 141 复杂度: 2.8439716312056738
分割的节点数: 116 复杂度: 2.9051724137931036
分割的节点数: 102 复杂度: 2.735294117647059
分割的节点数: 90 复杂度: 2.8222222222222224
分割的节点数: 45 复杂度: 2.2222222222222223
分割的节点数: 45 复杂度: 2.1333333333333333
分割的节点数: 29 复杂度: 2.206896551724138
聚类:0,节点数量:43,边数量(无向):79
聚类:1,节点数量:25,边数量(无向):31
聚类:2,节点数量:14,边数量(无向):16
聚类:3,节点数量:12,边数量(无向):12
聚类:4,节点数量:16,边数量(无向):15
聚类:5,节点数量:25,边数量(无向):45
聚类:6,节点数量:20,边数量(无向):36
聚类:7,节点数量:16,边数量(无向):22
聚类:8,节点数量:13,边数量(无向):25
使用稀疏表示法
使用稀疏表示法
结束处理
开始处理: cfai/test/src/15644011312780.json
#全部节点数量,有临边节点数量,#边数量(双向): 242 242 885
分割的节点数: 242 复杂度: 2.87603305785124
分割的节点数: 197 复杂度: 2.9035532994923856
分割的节点数: 181 复杂度: 2.2320441988950277
分割的节点数: 146 复杂度: 2.1506849315068495
分割的节点数: 91 复杂度: 1.934065934065934
分割的节点数: 16 复杂度: 2.0
分割的节点数: 12 复杂度: 1.9166666666666667
聚类:0,节点数量:45,边数量(无向):85
聚类:1,节点数量:35,边数量(无向):51
聚类:2,节点数量:55,边数量(无向):70
聚类:3,节点数量:18,边数量(无向):25
聚类:4,节点数量:73,边数量(无向):116
聚类:5,节点数量:4,边数量(无向):3
聚类:6,节点数量:3,边数量(无向):3
聚类:7,节点数量:9,边数量(无向):16
使用稀疏表示法
使用稀疏表示法
使用稀疏表示法
使用稀疏表示法
结束处理
开始处理: cfai/test/src/15641069217237.json
#全部节点数量,有临边节点数量,#边数量(双向): 242 242 885
分割的节点数: 242 复杂度: 2.87603305785124
分割的节点数: 197 复杂度: 2.9035532994923856
分割的节点数: 181 复杂度: 2.2320441988950277
分割的节点数: 146 复杂度: 2.1506849315068495
分割的节点数: 91 复杂度: 1.934065934065934
分割的节点数: 16 复杂度: 2.0
分割的节点数: 12 复杂度: 1.9166666666666667
聚类:0,节点数量:45,边数量(无向):85
聚类:1,节点数量:35,边数量(无向):51
聚类:2,节点数量:55,边数量(无向):70
聚类:3,节点数量:18,边数量(无向):25
聚类:4,节点数量:73,边数量(无向):116
聚类:5,节点数量:4,边数量(无向):3
聚类:6,节点数量:3,边数量(无向):3
聚类:7,节点数量:9,边数量(无向):16
使用稀疏表示法
使用稀疏表示法
使用稀疏表示法
使用稀疏表示法
结束处理
开始处理: cfai/test/src/15644529656667.json
#全部节点数量,有临边节点数量,#边数量(双向): 184 184 697
分割的节点数: 184 复杂度: 2.8152173913043477
分割的节点数: 141 复杂度: 2.8439716312056738
分割的节点数: 116 复杂度: 2.9051724137931036
分割的节点数: 102 复杂度: 2.735294117647059
分割的节点数: 90 复杂度: 2.8222222222222224
分割的节点数: 45 复杂度: 2.2222222222222223
分割的节点数: 45 复杂度: 2.1333333333333333
分割的节点数: 29 复杂度: 2.206896551724138
聚类:0,节点数量:43,边数量(无向):79
聚类:1,节点数量:25,边数量(无向):31
聚类:2,节点数量:14,边数量(无向):16
聚类:3,节点数量:12,边数量(无向):12
聚类:4,节点数量:16,边数量(无向):15
聚类:5,节点数量:25,边数量(无向):45
聚类:6,节点数量:20,边数量(无向):36
聚类:7,节点数量:16,边数量(无向):22
聚类:8,节点数量:13,边数量(无向):25
使用稀疏表示法
使用稀疏表示法
结束处理
开始处理: cfai/test/src/15644561061175.json
#全部节点数量,有临边节点数量,#边数量(双向): 1091 1091 4634
分割的节点数: 1091 复杂度: 2.9211732355637032
分割的节点数: 986 复杂度: 2.917849898580122
分割的节点数: 692 复杂度: 2.7109826589595376
分割的节点数: 648 复杂度: 2.753086419753086
分割的节点数: 535 复杂度: 2.736448598130841
分割的节点数: 410 复杂度: 2.8
分割的节点数: 379 复杂度: 2.7229551451187337
分割的节点数: 361 复杂度: 2.6094182825484764
分割的节点数: 294 复杂度: 2.8095238095238093
分割的节点数: 247 复杂度: 2.3360323886639676
分割的节点数: 234 复杂度: 2.341880341880342
分割的节点数: 222 复杂度: 2.9774774774774775
分割的节点数: 182 复杂度: 3.043956043956044
分割的节点数: 150 复杂度: 2.2933333333333334
分割的节点数: 122 复杂度: 2.19672131147541
分割的节点数: 117 复杂度: 3.1367521367521367
分割的节点数: 114 复杂度: 1.8771929824561404
分割的节点数: 105 复杂度: 1.9428571428571428
分割的节点数: 91 复杂度: 1.9230769230769231
分割的节点数: 84 复杂度: 1.9761904761904763
分割的节点数: 83 复杂度: 3.6867469879518073
分割的节点数: 75 复杂度: 3.44
分割的节点数: 72 复杂度: 1.9861111111111112
分割的节点数: 71 复杂度: 1.8873239436619718
分割的节点数: 65 复杂度: 2.476923076923077
分割的节点数: 64 复杂度: 3.25
分割的节点数: 60 复杂度: 2.533333333333333
聚类:0,节点数量:44,边数量(无向):55
聚类:1,节点数量:113,边数量(无向):196
聚类:2,节点数量:125,边数量(无向):224
聚类:3,节点数量:31,边数量(无向):49
聚类:4,节点数量:18,边数量(无向):25
聚类:5,节点数量:13,边数量(无向):17
聚类:6,节点数量:40,边数量(无向):68
聚类:7,节点数量:28,边数量(无向):48
聚类:8,节点数量:57,边数量(无向):95
聚类:9,节点数量:65,边数量(无向):120
聚类:10,节点数量:34,边数量(无向):41
聚类:11,节点数量:23,边数量(无向):34
聚类:12,节点数量:62,边数量(无向):123
聚类:13,节点数量:43,边数量(无向):83
聚类:14,节点数量:58,边数量(无向):108
聚类:15,节点数量:33,边数量(无向):49
聚类:16,节点数量:13,边数量(无向):16
聚类:17,节点数量:8,边数量(无向):12
聚类:18,节点数量:11,边数量(无向):16
聚类:19,节点数量:15,边数量(无向):19
聚类:20,节点数量:57,边数量(无向):126
聚类:21,节点数量:51,边数量(无向):105
聚类:22,节点数量:20,边数量(无向):28
聚类:23,节点数量:5,边数量(无向):8
聚类:24,节点数量:38,边数量(无向):95
聚类:25,节点数量:26,边数量(无向):68
聚类:26,节点数量:55,边数量(无向):131
聚类:27,节点数量:5,边数量(无向):7
使用稀疏表示法
使用稀疏表示法
使用稀疏表示法
使用稀疏表示法
使用稀疏表示法
使用稀疏表示法
使用稀疏表示法
使用稀疏表示法
使用稀疏表示法
使用稀疏表示法
使用稀疏表示法
使用稀疏表示法
使用稀疏表示法
使用稀疏表示法
使用稀疏表示法
结束处理
开始处理: cfai/test/src/15644526203056.json
#全部节点数量,有临边节点数量,#边数量(双向): 184 184 697
分割的节点数: 184 复杂度: 2.8152173913043477
分割的节点数: 141 复杂度: 2.8439716312056738
分割的节点数: 116 复杂度: 2.9051724137931036
分割的节点数: 102 复杂度: 2.735294117647059
分割的节点数: 90 复杂度: 2.8222222222222224
分割的节点数: 45 复杂度: 2.2222222222222223
分割的节点数: 45 复杂度: 2.1333333333333333
分割的节点数: 29 复杂度: 2.206896551724138
聚类:0,节点数量:43,边数量(无向):79
聚类:1,节点数量:25,边数量(无向):31
聚类:2,节点数量:14,边数量(无向):16
聚类:3,节点数量:12,边数量(无向):12
聚类:4,节点数量:16,边数量(无向):15
聚类:5,节点数量:25,边数量(无向):45
聚类:6,节点数量:20,边数量(无向):36
聚类:7,节点数量:16,边数量(无向):22
聚类:8,节点数量:13,边数量(无向):25
使用稀疏表示法
使用稀疏表示法
结束处理
开始处理: cfai/test/src/15643950536461.json
#全部节点数量,有临边节点数量,#边数量(双向): 242 242 885
分割的节点数: 242 复杂度: 2.87603305785124
分割的节点数: 197 复杂度: 2.9035532994923856
分割的节点数: 181 复杂度: 2.2320441988950277
分割的节点数: 146 复杂度: 2.1506849315068495
分割的节点数: 91 复杂度: 1.934065934065934
分割的节点数: 16 复杂度: 2.0
分割的节点数: 12 复杂度: 1.9166666666666667
聚类:0,节点数量:45,边数量(无向):85
聚类:1,节点数量:35,边数量(无向):51
聚类:2,节点数量:55,边数量(无向):70
聚类:3,节点数量:18,边数量(无向):25
聚类:4,节点数量:73,边数量(无向):116
聚类:5,节点数量:4,边数量(无向):3
聚类:6,节点数量:3,边数量(无向):3
聚类:7,节点数量:9,边数量(无向):16
使用稀疏表示法
使用稀疏表示法
使用稀疏表示法
使用稀疏表示法
结束处理
开始处理: cfai/test/src/15649887762754.json
#全部节点数量,有临边节点数量,#边数量(双向): 59 59 255
分割的节点数: 59 复杂度: 3.0508474576271185
分割的节点数: 47 复杂度: 3.127659574468085
分割的节点数: 27 复杂度: 2.7777777777777777
分割的节点数: 15 复杂度: 1.8666666666666667
聚类:0,节点数量:12,边数量(无向):21
聚类:1,节点数量:20,边数量(无向):37
聚类:2,节点数量:12,边数量(无向):20
聚类:3,节点数量:13,边数量(无向):19
聚类:4,节点数量:2,边数量(无向):2
结束处理
开始处理: cfai/test/src/15644550955586.json
#全部节点数量,有临边节点数量,#边数量(双向): 354 354 1399
分割的节点数: 354 复杂度: 2.7796610169491527
分割的节点数: 182 复杂度: 2.6868131868131866
分割的节点数: 172 复杂度: 2.5406976744186047
分割的节点数: 139 复杂度: 2.726618705035971
分割的节点数: 111 复杂度: 2.6936936936936937
分割的节点数: 107 复杂度: 2.2990654205607477
分割的节点数: 79 复杂度: 2.0632911392405062
分割的节点数: 75 复杂度: 3.0533333333333332
分割的节点数: 53 复杂度: 3.4339622641509435
分割的节点数: 44 复杂度: 3.159090909090909
分割的节点数: 21 复杂度: 2.4761904761904763
分割的节点数: 17 复杂度: 2.2941176470588234
聚类:0,节点数量:43,边数量(无向):79
聚类:1,节点数量:61,边数量(无向):109
聚类:2,节点数量:32,边数量(无向):50
聚类:3,节点数量:36,边数量(无向):43Traceback (most recent call last):
  File "/usr/lib/python3.5/runpy.py", line 184, in _run_module_as_main
    "__main__", mod_spec)
  File "/usr/lib/python3.5/runpy.py", line 85, in _run_code
    exec(code, run_globals)
  File "/home/zhangxk/projects/deepAI/daily/8/DeepLearning/myproject/cluster/cfai/cluster.py", line 168, in <module>
    sleep(config['refresh_interval'])
KeyboardInterrupt
Traceback (most recent call last):
  File "/usr/lib/python3.5/runpy.py", line 184, in _run_module_as_main
    "__main__", mod_spec)
  File "/usr/lib/python3.5/runpy.py", line 85, in _run_code
    exec(code, run_globals)
  File "/home/zhangxk/projects/deepAI/daily/8/DeepLearning/myproject/cluster/cfai/cluster.py", line 166, in <module>
    filelist=glob.glob(config['source'])
TypeError: 'NoneType' object is not subscriptable
Traceback (most recent call last):
  File "/usr/lib/python3.5/runpy.py", line 184, in _run_module_as_main
    "__main__", mod_spec)
  File "/usr/lib/python3.5/runpy.py", line 85, in _run_code
    exec(code, run_globals)
  File "/home/zhangxk/projects/deepAI/daily/8/DeepLearning/myproject/cluster/cfai/cluster.py", line 175, in <module>
    sleep(config['refresh_interval'])
KeyboardInterrupt
Traceback (most recent call last):
  File "/usr/lib/python3.5/runpy.py", line 184, in _run_module_as_main
    "__main__", mod_spec)
  File "/usr/lib/python3.5/runpy.py", line 85, in _run_code
    exec(code, run_globals)
  File "/home/zhangxk/projects/deepAI/daily/8/DeepLearning/myproject/cluster/cfai/cluster.py", line 175, in <module>
    sleep(config['refresh_interval'])
KeyboardInterrupt
